<?xml version="1.0" encoding="UTF-8"?>
<!-- Generated by org.testng.reporters.JUnitXMLReporter -->
<testsuite ignored="0" hostname="DESKTOP-V8USVGF" failures="0" tests="3" name="Test" time="117.235" errors="0" timestamp="2023-05-12T11:29:47 IST">
  <testcase classname="com.regressiontestcases.RegressionTests" name="upComingBikes" time="25.028"/>
  <testcase classname="com.regressiontestcases.RegressionTests" name="usedCars" time="10.802"/>
  <testcase classname="com.regressiontestcases.RegressionTests" name="testGoogleSignIn" time="7.727"/>
</testsuite> <!-- Test -->
