<?xml version="1.0" encoding="UTF-8"?>
<!-- Generated by org.testng.reporters.JUnitXMLReporter -->
<testsuite ignored="0" hostname="DESKTOP-V8USVGF" failures="0" tests="3" name="Default test" time="143.302" errors="0" timestamp="2023-05-19T07:17:58 IST">
  <testcase classname="com.regressiontestcases.RegressionTests" name="upComingBikes" time="18.092"/>
  <testcase classname="com.regressiontestcases.RegressionTests" name="usedCars" time="13.583"/>
  <testcase classname="com.regressiontestcases.RegressionTests" name="testGoogleSignIn" time="6.479"/>
</testsuite> <!-- Default test -->
