<?xml version="1.0" encoding="UTF-8"?>
<testng-results ignored="0" total="3" passed="3" failed="0" skipped="0">
  <reporter-output>
  </reporter-output>
  <suite started-at="2023-05-19T07:15:35 IST" name="Default suite" finished-at="2023-05-19T07:17:58 IST" duration-ms="143302">
    <groups>
    </groups>
    <test started-at="2023-05-19T07:15:35 IST" name="Default test" finished-at="2023-05-19T07:17:58 IST" duration-ms="143302">
      <class name="com.regressiontestcases.RegressionTests">
        <test-method is-config="true" signature="setup()[pri:0, instance:com.regressiontestcases.RegressionTests@43dac38f]" started-at="2023-05-19T07:15:35 IST" name="setup" finished-at="2023-05-19T07:16:11 IST" duration-ms="36555" status="PASS">
          <reporter-output>
          </reporter-output>
        </test-method> <!-- setup -->
        <test-method signature="upComingBikes()[pri:1, instance:com.regressiontestcases.RegressionTests@43dac38f]" started-at="2023-05-19T07:16:11 IST" name="upComingBikes" finished-at="2023-05-19T07:16:29 IST" duration-ms="18092" status="PASS">
          <reporter-output>
          </reporter-output>
        </test-method> <!-- upComingBikes -->
        <test-method is-config="true" signature="closeDriver()[pri:0, instance:com.regressiontestcases.RegressionTests@43dac38f]" started-at="2023-05-19T07:16:29 IST" name="closeDriver" finished-at="2023-05-19T07:16:30 IST" duration-ms="478" status="PASS">
          <reporter-output>
          </reporter-output>
        </test-method> <!-- closeDriver -->
        <test-method is-config="true" signature="setup()[pri:0, instance:com.regressiontestcases.RegressionTests@43dac38f]" started-at="2023-05-19T07:16:30 IST" name="setup" finished-at="2023-05-19T07:17:07 IST" duration-ms="36966" status="PASS">
          <reporter-output>
          </reporter-output>
        </test-method> <!-- setup -->
        <test-method signature="usedCars()[pri:2, instance:com.regressiontestcases.RegressionTests@43dac38f]" started-at="2023-05-19T07:17:07 IST" name="usedCars" finished-at="2023-05-19T07:17:20 IST" duration-ms="13583" status="PASS">
          <reporter-output>
          </reporter-output>
        </test-method> <!-- usedCars -->
        <test-method is-config="true" signature="closeDriver()[pri:0, instance:com.regressiontestcases.RegressionTests@43dac38f]" started-at="2023-05-19T07:17:20 IST" name="closeDriver" finished-at="2023-05-19T07:17:21 IST" duration-ms="358" status="PASS">
          <reporter-output>
          </reporter-output>
        </test-method> <!-- closeDriver -->
        <test-method is-config="true" signature="setup()[pri:0, instance:com.regressiontestcases.RegressionTests@43dac38f]" started-at="2023-05-19T07:17:21 IST" name="setup" finished-at="2023-05-19T07:17:51 IST" duration-ms="30298" status="PASS">
          <reporter-output>
          </reporter-output>
        </test-method> <!-- setup -->
        <test-method signature="testGoogleSignIn()[pri:3, instance:com.regressiontestcases.RegressionTests@43dac38f]" started-at="2023-05-19T07:17:51 IST" name="testGoogleSignIn" finished-at="2023-05-19T07:17:58 IST" duration-ms="6479" status="PASS">
          <reporter-output>
          </reporter-output>
        </test-method> <!-- testGoogleSignIn -->
        <test-method is-config="true" signature="closeDriver()[pri:0, instance:com.regressiontestcases.RegressionTests@43dac38f]" started-at="2023-05-19T07:17:58 IST" name="closeDriver" finished-at="2023-05-19T07:17:58 IST" duration-ms="413" status="PASS">
          <reporter-output>
          </reporter-output>
        </test-method> <!-- closeDriver -->
      </class> <!-- com.regressiontestcases.RegressionTests -->
    </test> <!-- Default test -->
  </suite> <!-- Default suite -->
</testng-results>
